<?xml version="1.0" encoding="UTF-8"?>
<testsuites>
  <testsuite name="Project Test Suite" tests="73" assertions="100" errors="0" failures="0" skipped="0" time="0.070239">
    <testsuite name="App\Tests\Entity\TeamTest" file="/var/www/html/tests/Entity/TeamTest.php" tests="16" assertions="23" errors="0" failures="0" skipped="0" time="0.015651">
      <testcase name="testHasMaxWalkers_MaxWalkersAdded_ReturnsTrue" class="App\Tests\Entity\TeamTest" classname="App.Tests.Entity.TeamTest" file="/var/www/html/tests/Entity/TeamTest.php" line="15" assertions="1" time="0.010851"/>
      <testcase name="testHasMaxWalkers_MaxWalkersNotAdded_ReturnsFalse" class="App\Tests\Entity\TeamTest" classname="App.Tests.Entity.TeamTest" file="/var/www/html/tests/Entity/TeamTest.php" line="28" assertions="1" time="0.000249"/>
      <testcase name="testHasEnoughWalkers_MinWalkersAdded_ReturnsTrue" class="App\Tests\Entity\TeamTest" classname="App.Tests.Entity.TeamTest" file="/var/www/html/tests/Entity/TeamTest.php" line="39" assertions="1" time="0.000131"/>
      <testcase name="testHasEnoughWalkers_MinWalkersNotAdded_ReturnsFalse" class="App\Tests\Entity\TeamTest" classname="App.Tests.Entity.TeamTest" file="/var/www/html/tests/Entity/TeamTest.php" line="52" assertions="1" time="0.000108"/>
      <testcase name="testGetFeesDue_ReturnsFeePerWalkerTimesWalkers" class="App\Tests\Entity\TeamTest" classname="App.Tests.Entity.TeamTest" file="/var/www/html/tests/Entity/TeamTest.php" line="64" assertions="1" time="0.000257"/>
      <testsuite name="App\Tests\Entity\TeamTest::testGetFeesDue" tests="7" assertions="14" errors="0" failures="0" skipped="0" time="0.003715">
        <testcase name="testGetFeesDue with data set #0" class="App\Tests\Entity\TeamTest" classname="App.Tests.Entity.TeamTest" file="/var/www/html/tests/Entity/TeamTest.php" line="84" assertions="2" time="0.000100"/>
        <testcase name="testGetFeesDue with data set #1" class="App\Tests\Entity\TeamTest" classname="App.Tests.Entity.TeamTest" file="/var/www/html/tests/Entity/TeamTest.php" line="84" assertions="2" time="0.000133"/>
        <testcase name="testGetFeesDue with data set #2" class="App\Tests\Entity\TeamTest" classname="App.Tests.Entity.TeamTest" file="/var/www/html/tests/Entity/TeamTest.php" line="84" assertions="2" time="0.002557"/>
        <testcase name="testGetFeesDue with data set #3" class="App\Tests\Entity\TeamTest" classname="App.Tests.Entity.TeamTest" file="/var/www/html/tests/Entity/TeamTest.php" line="84" assertions="2" time="0.000205"/>
        <testcase name="testGetFeesDue with data set #4" class="App\Tests\Entity\TeamTest" classname="App.Tests.Entity.TeamTest" file="/var/www/html/tests/Entity/TeamTest.php" line="84" assertions="2" time="0.000205"/>
        <testcase name="testGetFeesDue with data set #5" class="App\Tests\Entity\TeamTest" classname="App.Tests.Entity.TeamTest" file="/var/www/html/tests/Entity/TeamTest.php" line="84" assertions="2" time="0.000266"/>
        <testcase name="testGetFeesDue with data set #6" class="App\Tests\Entity\TeamTest" classname="App.Tests.Entity.TeamTest" file="/var/www/html/tests/Entity/TeamTest.php" line="84" assertions="2" time="0.000249"/>
      </testsuite>
      <testsuite name="App\Tests\Entity\TeamTest::testGetFeesPaid" tests="4" assertions="4" errors="0" failures="0" skipped="0" time="0.000340">
        <testcase name="testGetFeesPaid with data set #0" class="App\Tests\Entity\TeamTest" classname="App.Tests.Entity.TeamTest" file="/var/www/html/tests/Entity/TeamTest.php" line="113" assertions="1" time="0.000029"/>
        <testcase name="testGetFeesPaid with data set #1" class="App\Tests\Entity\TeamTest" classname="App.Tests.Entity.TeamTest" file="/var/www/html/tests/Entity/TeamTest.php" line="113" assertions="1" time="0.000085"/>
        <testcase name="testGetFeesPaid with data set #2" class="App\Tests\Entity\TeamTest" classname="App.Tests.Entity.TeamTest" file="/var/www/html/tests/Entity/TeamTest.php" line="113" assertions="1" time="0.000091"/>
        <testcase name="testGetFeesPaid with data set #3" class="App\Tests\Entity\TeamTest" classname="App.Tests.Entity.TeamTest" file="/var/www/html/tests/Entity/TeamTest.php" line="113" assertions="1" time="0.000135"/>
      </testsuite>
    </testsuite>
    <testsuite name="App\Tests\Factory\ResponseFactoryTest" file="/var/www/html/tests/Factory/ResponseFactoryTest.php" tests="4" assertions="6" errors="0" failures="0" skipped="0" time="0.009958">
      <testcase name="testCreateTemplateResponse_CallsTwigRender" class="App\Tests\Factory\ResponseFactoryTest" classname="App.Tests.Factory.ResponseFactoryTest" file="/var/www/html/tests/Factory/ResponseFactoryTest.php" line="13" assertions="1" time="0.009276"/>
      <testcase name="testCreateTemplateResponse_ReturnsResponse" class="App\Tests\Factory\ResponseFactoryTest" classname="App.Tests.Factory.ResponseFactoryTest" file="/var/www/html/tests/Factory/ResponseFactoryTest.php" line="25" assertions="2" time="0.000208"/>
      <testcase name="testCreateRedirectResponse_CallsRouter" class="App\Tests\Factory\ResponseFactoryTest" classname="App.Tests.Factory.ResponseFactoryTest" file="/var/www/html/tests/Factory/ResponseFactoryTest.php" line="41" assertions="1" time="0.000318"/>
      <testcase name="testCreateRedirectResponse_ReturnsRedirectResponse" class="App\Tests\Factory\ResponseFactoryTest" classname="App.Tests.Factory.ResponseFactoryTest" file="/var/www/html/tests/Factory/ResponseFactoryTest.php" line="53" assertions="2" time="0.000156"/>
    </testsuite>
    <testsuite name="EventCreateFormManagerTest" file="/var/www/html/tests/FormManager/Event/EventCreateFormManagerTest.php" tests="5" assertions="5" errors="0" failures="0" skipped="0" time="0.008720">
      <testcase name="testCreate_CallsFormFactory" class="EventCreateFormManagerTest" classname="EventCreateFormManagerTest" file="/var/www/html/tests/FormManager/Event/EventCreateFormManagerTest.php" line="15" assertions="1" time="0.006533"/>
      <testcase name="testCreate_ReturnsForm" class="EventCreateFormManagerTest" classname="EventCreateFormManagerTest" file="/var/www/html/tests/FormManager/Event/EventCreateFormManagerTest.php" line="29" assertions="1" time="0.000226"/>
      <testcase name="testProcess_PersistsEvent" class="EventCreateFormManagerTest" classname="EventCreateFormManagerTest" file="/var/www/html/tests/FormManager/Event/EventCreateFormManagerTest.php" line="41" assertions="1" time="0.001471"/>
      <testcase name="testProcess_CallsFlush" class="EventCreateFormManagerTest" classname="EventCreateFormManagerTest" file="/var/www/html/tests/FormManager/Event/EventCreateFormManagerTest.php" line="56" assertions="1" time="0.000230"/>
      <testcase name="testProcess_ReturnsTeam" class="EventCreateFormManagerTest" classname="EventCreateFormManagerTest" file="/var/www/html/tests/FormManager/Event/EventCreateFormManagerTest.php" line="71" assertions="1" time="0.000260"/>
    </testsuite>
    <testsuite name="App\Text\FormManager\Hike\HikeCreateFormManagerTest" file="/var/www/html/tests/FormManager/Hike/HikeCreateFormManagerTest.php" tests="5" assertions="11" errors="0" failures="0" skipped="0" time="0.001574">
      <testcase name="testCreate_CallsFormFactory" class="App\Text\FormManager\Hike\HikeCreateFormManagerTest" classname="App.Text.FormManager.Hike.HikeCreateFormManagerTest" file="/var/www/html/tests/FormManager/Hike/HikeCreateFormManagerTest.php" line="18" assertions="7" time="0.000638"/>
      <testcase name="testCreate_ReturnsForm" class="App\Text\FormManager\Hike\HikeCreateFormManagerTest" classname="App.Text.FormManager.Hike.HikeCreateFormManagerTest" file="/var/www/html/tests/FormManager/Hike/HikeCreateFormManagerTest.php" line="35" assertions="1" time="0.000231"/>
      <testcase name="testProcess_PersistsHike" class="App\Text\FormManager\Hike\HikeCreateFormManagerTest" classname="App.Text.FormManager.Hike.HikeCreateFormManagerTest" file="/var/www/html/tests/FormManager/Hike/HikeCreateFormManagerTest.php" line="47" assertions="1" time="0.000220"/>
      <testcase name="testProcess_CallsFlush" class="App\Text\FormManager\Hike\HikeCreateFormManagerTest" classname="App.Text.FormManager.Hike.HikeCreateFormManagerTest" file="/var/www/html/tests/FormManager/Hike/HikeCreateFormManagerTest.php" line="62" assertions="1" time="0.000197"/>
      <testcase name="testProcess_ReturnsHike" class="App\Text\FormManager\Hike\HikeCreateFormManagerTest" classname="App.Text.FormManager.Hike.HikeCreateFormManagerTest" file="/var/www/html/tests/FormManager/Hike/HikeCreateFormManagerTest.php" line="77" assertions="1" time="0.000288"/>
    </testsuite>
    <testsuite name="App\Test\FormManager\Team\TeamCreateFormManager\TeamCreateFormManagerTest" file="/var/www/html/tests/FormManager/Team/TeamCreateFormManagerTest.php" tests="6" assertions="6" errors="0" failures="0" skipped="0" time="0.006446">
      <testcase name="testCreate_CallsFormFactory" class="App\Test\FormManager\Team\TeamCreateFormManager\TeamCreateFormManagerTest" classname="App.Test.FormManager.Team.TeamCreateFormManager.TeamCreateFormManagerTest" file="/var/www/html/tests/FormManager/Team/TeamCreateFormManagerTest.php" line="19" assertions="1" time="0.001471"/>
      <testcase name="testCreate_ReturnsForm" class="App\Test\FormManager\Team\TeamCreateFormManager\TeamCreateFormManagerTest" classname="App.Test.FormManager.Team.TeamCreateFormManager.TeamCreateFormManagerTest" file="/var/www/html/tests/FormManager/Team/TeamCreateFormManagerTest.php" line="34" assertions="1" time="0.000240"/>
      <testcase name="testProcess_SetsUserOnTeam" class="App\Test\FormManager\Team\TeamCreateFormManager\TeamCreateFormManagerTest" classname="App.Test.FormManager.Team.TeamCreateFormManager.TeamCreateFormManagerTest" file="/var/www/html/tests/FormManager/Team/TeamCreateFormManagerTest.php" line="46" assertions="1" time="0.003789"/>
      <testcase name="testProcess_PersistsTeam" class="App\Test\FormManager\Team\TeamCreateFormManager\TeamCreateFormManagerTest" classname="App.Test.FormManager.Team.TeamCreateFormManager.TeamCreateFormManagerTest" file="/var/www/html/tests/FormManager/Team/TeamCreateFormManagerTest.php" line="64" assertions="1" time="0.000340"/>
      <testcase name="testProcess_CallsFlush" class="App\Test\FormManager\Team\TeamCreateFormManager\TeamCreateFormManagerTest" classname="App.Test.FormManager.Team.TeamCreateFormManager.TeamCreateFormManagerTest" file="/var/www/html/tests/FormManager/Team/TeamCreateFormManagerTest.php" line="82" assertions="1" time="0.000277"/>
      <testcase name="testProcess_ReturnsTeam" class="App\Test\FormManager\Team\TeamCreateFormManager\TeamCreateFormManagerTest" classname="App.Test.FormManager.Team.TeamCreateFormManager.TeamCreateFormManagerTest" file="/var/www/html/tests/FormManager/Team/TeamCreateFormManagerTest.php" line="100" assertions="1" time="0.000329"/>
    </testsuite>
    <testsuite name="App\Tests\FormManager\User\UserRegisterFormManagerTest" file="/var/www/html/tests/FormManager/User/UserRegisterFormManagerTest.php" tests="6" assertions="7" errors="0" failures="0" skipped="0" time="0.003321">
      <testcase name="testCreate_CallsFormFactory" class="App\Tests\FormManager\User\UserRegisterFormManagerTest" classname="App.Tests.FormManager.User.UserRegisterFormManagerTest" file="/var/www/html/tests/FormManager/User/UserRegisterFormManagerTest.php" line="18" assertions="1" time="0.001671"/>
      <testcase name="testCreate_ReturnsForm" class="App\Tests\FormManager\User\UserRegisterFormManagerTest" classname="App.Tests.FormManager.User.UserRegisterFormManagerTest" file="/var/www/html/tests/FormManager/User/UserRegisterFormManagerTest.php" line="33" assertions="1" time="0.000252"/>
      <testcase name="testProcess_SetsEncodedPasswordOnUser" class="App\Tests\FormManager\User\UserRegisterFormManagerTest" classname="App.Tests.FormManager.User.UserRegisterFormManagerTest" file="/var/www/html/tests/FormManager/User/UserRegisterFormManagerTest.php" line="45" assertions="2" time="0.000477"/>
      <testcase name="testProcess_PersistsUser" class="App\Tests\FormManager\User\UserRegisterFormManagerTest" classname="App.Tests.FormManager.User.UserRegisterFormManagerTest" file="/var/www/html/tests/FormManager/User/UserRegisterFormManagerTest.php" line="65" assertions="1" time="0.000335"/>
      <testcase name="testProcess_CallsFlush" class="App\Tests\FormManager\User\UserRegisterFormManagerTest" classname="App.Tests.FormManager.User.UserRegisterFormManagerTest" file="/var/www/html/tests/FormManager/User/UserRegisterFormManagerTest.php" line="82" assertions="1" time="0.000288"/>
      <testcase name="testProcess_ReturnsUser" class="App\Tests\FormManager\User\UserRegisterFormManagerTest" classname="App.Tests.FormManager.User.UserRegisterFormManagerTest" file="/var/www/html/tests/FormManager/User/UserRegisterFormManagerTest.php" line="99" assertions="1" time="0.000298"/>
    </testsuite>
    <testsuite name="App\Test\FormManager\Walker\WalkerCreateFormManagerTest" file="/var/www/html/tests/FormManager/Walker/WalkerCreateFormManagerTest.php" tests="5" assertions="11" errors="0" failures="0" skipped="0" time="0.003005">
      <testcase name="testCreate_CallsFormFactory" class="App\Test\FormManager\Walker\WalkerCreateFormManagerTest" classname="App.Test.FormManager.Walker.WalkerCreateFormManagerTest" file="/var/www/html/tests/FormManager/Walker/WalkerCreateFormManagerTest.php" line="18" assertions="7" time="0.001426"/>
      <testcase name="testCreate_ReturnsForm" class="App\Test\FormManager\Walker\WalkerCreateFormManagerTest" classname="App.Test.FormManager.Walker.WalkerCreateFormManagerTest" file="/var/www/html/tests/FormManager/Walker/WalkerCreateFormManagerTest.php" line="36" assertions="1" time="0.000296"/>
      <testcase name="testProcess_SetsReferenceCharacterOnWalker" class="App\Test\FormManager\Walker\WalkerCreateFormManagerTest" classname="App.Test.FormManager.Walker.WalkerCreateFormManagerTest" file="/var/www/html/tests/FormManager/Walker/WalkerCreateFormManagerTest.php" line="48" assertions="1" time="0.000454"/>
      <testcase name="testProcess_PersistsWalker" class="App\Test\FormManager\Walker\WalkerCreateFormManagerTest" classname="App.Test.FormManager.Walker.WalkerCreateFormManagerTest" file="/var/www/html/tests/FormManager/Walker/WalkerCreateFormManagerTest.php" line="66" assertions="1" time="0.000417"/>
      <testcase name="testProcess_CallsFlush" class="App\Test\FormManager\Walker\WalkerCreateFormManagerTest" classname="App.Test.FormManager.Walker.WalkerCreateFormManagerTest" file="/var/www/html/tests/FormManager/Walker/WalkerCreateFormManagerTest.php" line="83" assertions="1" time="0.000412"/>
    </testsuite>
    <testsuite name="App\Tests\Resolver\EventResolverTest" file="/var/www/html/tests/Resolver/EventResolverTest.php" tests="3" assertions="4" errors="0" failures="0" skipped="0" time="0.004140">
      <testcase name="testResolveById_callsEventRepository" class="App\Tests\Resolver\EventResolverTest" classname="App.Tests.Resolver.EventResolverTest" file="/var/www/html/tests/Resolver/EventResolverTest.php" line="15" assertions="1" time="0.003228"/>
      <testcase name="testResolveById_EventDoesNotExist_throwsException" class="App\Tests\Resolver\EventResolverTest" classname="App.Tests.Resolver.EventResolverTest" file="/var/www/html/tests/Resolver/EventResolverTest.php" line="26" assertions="2" time="0.000797"/>
      <testcase name="testResolveById_EventExists_returnsEvent" class="App\Tests\Resolver\EventResolverTest" classname="App.Tests.Resolver.EventResolverTest" file="/var/www/html/tests/Resolver/EventResolverTest.php" line="37" assertions="1" time="0.000115"/>
    </testsuite>
    <testsuite name="App\Tests\Resolver\TeamResolverTest" file="/var/www/html/tests/Resolver/TeamResolverTest.php" tests="3" assertions="5" errors="0" failures="0" skipped="0" time="0.002739">
      <testcase name="testResolveById_TeamDoesNotExist_ThrowsNotFoundException" class="App\Tests\Resolver\TeamResolverTest" classname="App.Tests.Resolver.TeamResolverTest" file="/var/www/html/tests/Resolver/TeamResolverTest.php" line="18" assertions="2" time="0.002127"/>
      <testcase name="testResolveById_BelongsToDifferentUser_ThrowsAccessDeniedException" class="App\Tests\Resolver\TeamResolverTest" classname="App.Tests.Resolver.TeamResolverTest" file="/var/www/html/tests/Resolver/TeamResolverTest.php" line="30" assertions="2" time="0.000397"/>
      <testcase name="testResolveById_BelongsToCurrentUser_ReturnsTeam" class="App\Tests\Resolver\TeamResolverTest" classname="App.Tests.Resolver.TeamResolverTest" file="/var/www/html/tests/Resolver/TeamResolverTest.php" line="48" assertions="1" time="0.000215"/>
    </testsuite>
    <testsuite name="App\Tests\Resolver\UserGroupResolverTest" file="/var/www/html/tests/Resolver/UserGroupResolverTest.php" tests="5" assertions="5" errors="0" failures="0" skipped="0" time="0.004579">
      <testcase name="testResolveByRole_CallsUserGroupRepositoryFind" class="App\Tests\Resolver\UserGroupResolverTest" classname="App.Tests.Resolver.UserGroupResolverTest" file="/var/www/html/tests/Resolver/UserGroupResolverTest.php" line="15" assertions="1" time="0.003873"/>
      <testcase name="testResolveByRole_UserGroupExists_ReturnsUserGroup" class="App\Tests\Resolver\UserGroupResolverTest" classname="App.Tests.Resolver.UserGroupResolverTest" file="/var/www/html/tests/Resolver/UserGroupResolverTest.php" line="26" assertions="1" time="0.000159"/>
      <testcase name="testResolveByRole_UserGroupDoesNotExist_ReturnsNewUserGroupForRole" class="App\Tests\Resolver\UserGroupResolverTest" classname="App.Tests.Resolver.UserGroupResolverTest" file="/var/www/html/tests/Resolver/UserGroupResolverTest.php" line="38" assertions="1" time="0.000197"/>
      <testcase name="testResolveByRole_UserGroupDoesNotExist_PersistsNewUserGroup" class="App\Tests\Resolver\UserGroupResolverTest" classname="App.Tests.Resolver.UserGroupResolverTest" file="/var/www/html/tests/Resolver/UserGroupResolverTest.php" line="49" assertions="1" time="0.000183"/>
      <testcase name="testResolveByRole_UserGroupDoesNotExist_CallsFlush" class="App\Tests\Resolver\UserGroupResolverTest" classname="App.Tests.Resolver.UserGroupResolverTest" file="/var/www/html/tests/Resolver/UserGroupResolverTest.php" line="61" assertions="1" time="0.000167"/>
    </testsuite>
    <testsuite name="App\Tests\Service\CurrentUserServiceTest" file="/var/www/html/tests/Service/CurrentUserServiceTest.php" tests="3" assertions="3" errors="0" failures="0" skipped="0" time="0.002554">
      <testcase name="testGetCurrentUser_UserExists_ReturnsUser" class="App\Tests\Service\CurrentUserServiceTest" classname="App.Tests.Service.CurrentUserServiceTest" file="/var/www/html/tests/Service/CurrentUserServiceTest.php" line="15" assertions="1" time="0.002252"/>
      <testcase name="testGetCurrentUser_UserAnon_ReturnsNull" class="App\Tests\Service\CurrentUserServiceTest" classname="App.Tests.Service.CurrentUserServiceTest" file="/var/www/html/tests/Service/CurrentUserServiceTest.php" line="27" assertions="1" time="0.000223"/>
      <testcase name="testGetCurrentUser_TokenNull_ReturnsNull" class="App\Tests\Service\CurrentUserServiceTest" classname="App.Tests.Service.CurrentUserServiceTest" file="/var/www/html/tests/Service/CurrentUserServiceTest.php" line="38" assertions="1" time="0.000079"/>
    </testsuite>
    <testsuite name="App\Tests\Service\GrantServiceTest" file="/var/www/html/tests/Service/GrantServiceTest.php" tests="7" assertions="9" errors="0" failures="0" skipped="0" time="0.006612">
      <testcase name="testGrant_CallsUserRepoWithEmail" class="App\Tests\Service\GrantServiceTest" classname="App.Tests.Service.GrantServiceTest" file="/var/www/html/tests/Service/GrantServiceTest.php" line="20" assertions="1" time="0.004668"/>
      <testcase name="testGrant_emailDoesNotExist_ThrowsException" class="App\Tests\Service\GrantServiceTest" classname="App.Tests.Service.GrantServiceTest" file="/var/www/html/tests/Service/GrantServiceTest.php" line="35" assertions="2" time="0.000279"/>
      <testcase name="testGrant_CallsUserGroupResolverWithRole" class="App\Tests\Service\GrantServiceTest" classname="App.Tests.Service.GrantServiceTest" file="/var/www/html/tests/Service/GrantServiceTest.php" line="51" assertions="1" time="0.000402"/>
      <testcase name="testGrant_ChecksWhetherUserHasUserGroup" class="App\Tests\Service\GrantServiceTest" classname="App.Tests.Service.GrantServiceTest" file="/var/www/html/tests/Service/GrantServiceTest.php" line="63" assertions="1" time="0.000326"/>
      <testcase name="testGrant_UserDoesNotHaveUserGroup_AddsUserToGroup" class="App\Tests\Service\GrantServiceTest" classname="App.Tests.Service.GrantServiceTest" file="/var/www/html/tests/Service/GrantServiceTest.php" line="77" assertions="1" time="0.000307"/>
      <testcase name="testGrant_UserAlreadyHasUserGroup_ThrowsException" class="App\Tests\Service\GrantServiceTest" classname="App.Tests.Service.GrantServiceTest" file="/var/www/html/tests/Service/GrantServiceTest.php" line="91" assertions="2" time="0.000337"/>
      <testcase name="testGrant_UserDoesNotHaveUserGroup_CallsFlush" class="App\Tests\Service\GrantServiceTest" classname="App.Tests.Service.GrantServiceTest" file="/var/www/html/tests/Service/GrantServiceTest.php" line="106" assertions="1" time="0.000293"/>
    </testsuite>
    <testsuite name="App\Tests\Service\WalkerReferenceCharacterServiceTest" file="/var/www/html/tests/Service/WalkerReferenceCharacterServiceTest.php" tests="5" assertions="5" errors="0" failures="0" skipped="0" time="0.000940">
      <testcase name="testGetNextAvailable_FirstWalker_ReturnsA" class="App\Tests\Service\WalkerReferenceCharacterServiceTest" classname="App.Tests.Service.WalkerReferenceCharacterServiceTest" file="/var/www/html/tests/Service/WalkerReferenceCharacterServiceTest.php" line="15" assertions="1" time="0.000106"/>
      <testcase name="testGetNextAvailable_AAssigned_ReturnsB" class="App\Tests\Service\WalkerReferenceCharacterServiceTest" classname="App.Tests.Service.WalkerReferenceCharacterServiceTest" file="/var/www/html/tests/Service/WalkerReferenceCharacterServiceTest.php" line="25" assertions="1" time="0.000137"/>
      <testcase name="testGetNextAvailable_AAndCAssigned_ReturnsB" class="App\Tests\Service\WalkerReferenceCharacterServiceTest" classname="App.Tests.Service.WalkerReferenceCharacterServiceTest" file="/var/www/html/tests/Service/WalkerReferenceCharacterServiceTest.php" line="35" assertions="1" time="0.000308"/>
      <testcase name="testGetNextAvailable_ABAndCAssigned_ReturnsD" class="App\Tests\Service\WalkerReferenceCharacterServiceTest" classname="App.Tests.Service.WalkerReferenceCharacterServiceTest" file="/var/www/html/tests/Service/WalkerReferenceCharacterServiceTest.php" line="45" assertions="1" time="0.000247"/>
      <testcase name="testGetNextAvailable_BAndDAssigned_ReturnsA" class="App\Tests\Service\WalkerReferenceCharacterServiceTest" classname="App.Tests.Service.WalkerReferenceCharacterServiceTest" file="/var/www/html/tests/Service/WalkerReferenceCharacterServiceTest.php" line="55" assertions="1" time="0.000142"/>
    </testsuite>
  </testsuite>
</testsuites>
